<?xml version="1.0" encoding="UTF-8"?>
<coverage generated="1483699495498" clover="3.2.0">
  <project timestamp="1483699495498" name="All files">
    <metrics statements="4" coveredstatements="4" conditionals="0" coveredconditionals="0" methods="2" coveredmethods="2" elements="6" coveredelements="6" complexity="0" loc="4" ncloc="4" packages="1" files="2" classes="2">
      <file name="mult.js" path="/home/spathare/reactTest/mult.js">
        <metrics statements="2" coveredstatements="2" conditionals="0" coveredconditionals="0" methods="1" coveredmethods="1"/>
        <line num="1" count="1" type="stmt"/>
        <line num="5" count="1" type="stmt"/>
      </file>
      <file name="sum.js" path="/home/spathare/reactTest/sum.js">
        <metrics statements="2" coveredstatements="2" conditionals="0" coveredconditionals="0" methods="1" coveredmethods="1"/>
        <line num="1" count="1" type="stmt"/>
        <line num="5" count="1" type="stmt"/>
      </file>
    </metrics>
  </project>
</coverage>
